app/build/intermediates/manifest_merge_blame_file/debug/processDebugMainManifest/manifest-merger-blame-debug-report.txt
1<?xml version="1.0" encoding="utf-8"?>
2<manifest xmlns:android="http://schemas.android.com/apk/res/android"
3    package="com.tencent.styletransferncnn"
4    android:versionCode="1"
5    android:versionName="1.1" >
6
7    <uses-sdk
8        android:minSdkVersion="21"
9        android:targetSdkVersion="21" />
10
11    <application
11-->src/main/AndroidManifest.xml:6:5-14:19
12        android:debuggable="true"
13        android:extractNativeLibs="true"
14        android:label="@string/app_name"
14-->src/main/AndroidManifest.xml:6:18-50
15        android:testOnly="true" >
16        <activity
16-->src/main/AndroidManifest.xml:7:9-13:20
17            android:name="com.tencent.styletransferncnn.MainActivity"
17-->src/main/AndroidManifest.xml:7:19-46
18            android:label="@string/app_name" >
18-->src/main/AndroidManifest.xml:8:19-51
19            <intent-filter>
19-->src/main/AndroidManifest.xml:9:13-12:29
20                <action android:name="android.intent.action.MAIN" />
20-->src/main/AndroidManifest.xml:10:17-69
20-->src/main/AndroidManifest.xml:10:25-66
21
22                <category android:name="android.intent.category.LAUNCHER" />
22-->src/main/AndroidManifest.xml:11:17-77
22-->src/main/AndroidManifest.xml:11:27-74
23            </intent-filter>
24        </activity>
25    </application>
26
27</manifest>